<?xml version="1.0" encoding="UTF-8"?>
<coverage generated="1551822338858" clover="3.2.0">
  <project timestamp="1551822338858" name="All files">
    <metrics statements="66" coveredstatements="55" conditionals="14" coveredconditionals="10" methods="19" coveredmethods="14" elements="99" coveredelements="79" complexity="0" loc="66" ncloc="66" packages="2" files="4" classes="4">
      <package name="src">
        <metrics statements="15" coveredstatements="15" conditionals="0" coveredconditionals="0" methods="0" coveredmethods="0"/>
        <file name="types.js" path="/Users/Brogan/Documents/se2/git-trophy/src/types.js">
          <metrics statements="15" coveredstatements="15" conditionals="0" coveredconditionals="0" methods="0" coveredmethods="0"/>
          <line num="1" count="1" type="stmt"/>
          <line num="2" count="1" type="stmt"/>
          <line num="4" count="1" type="stmt"/>
          <line num="5" count="1" type="stmt"/>
          <line num="6" count="1" type="stmt"/>
          <line num="7" count="1" type="stmt"/>
          <line num="8" count="1" type="stmt"/>
          <line num="9" count="1" type="stmt"/>
          <line num="11" count="1" type="stmt"/>
          <line num="12" count="1" type="stmt"/>
          <line num="14" count="1" type="stmt"/>
          <line num="15" count="1" type="stmt"/>
          <line num="17" count="1" type="stmt"/>
          <line num="18" count="1" type="stmt"/>
          <line num="19" count="1" type="stmt"/>
        </file>
      </package>
      <package name="src.components">
        <metrics statements="51" coveredstatements="40" conditionals="14" coveredconditionals="10" methods="19" coveredmethods="14"/>
        <file name="ExportPanel.js" path="/Users/Brogan/Documents/se2/git-trophy/src/components/ExportPanel.js">
          <metrics statements="18" coveredstatements="8" conditionals="0" coveredconditionals="0" methods="8" coveredmethods="4"/>
          <line num="16" count="3" type="stmt"/>
          <line num="18" count="3" type="stmt"/>
          <line num="22" count="3" type="stmt"/>
          <line num="23" count="3" type="stmt"/>
          <line num="27" count="4" type="stmt"/>
          <line num="31" count="7" type="stmt"/>
          <line num="50" count="0" type="stmt"/>
          <line num="51" count="0" type="stmt"/>
          <line num="52" count="0" type="stmt"/>
          <line num="53" count="0" type="stmt"/>
          <line num="54" count="0" type="stmt"/>
          <line num="59" count="0" type="stmt"/>
          <line num="60" count="0" type="stmt"/>
          <line num="61" count="0" type="stmt"/>
          <line num="64" count="0" type="stmt"/>
          <line num="69" count="3" type="stmt"/>
          <line num="76" count="3" type="stmt"/>
          <line num="93" count="0" type="stmt"/>
        </file>
        <file name="RepoSelector.js" path="/Users/Brogan/Documents/se2/git-trophy/src/components/RepoSelector.js">
          <metrics statements="7" coveredstatements="6" conditionals="4" coveredconditionals="3" methods="4" coveredmethods="3"/>
          <line num="17" count="2" type="stmt"/>
          <line num="18" count="2" type="stmt"/>
          <line num="19" count="2" type="stmt"/>
          <line num="21" count="2" type="stmt"/>
          <line num="28" count="1" type="stmt"/>
          <line num="32" count="0" type="stmt"/>
          <line num="36" count="2" type="stmt"/>
        </file>
        <file name="TrophyModel.js" path="/Users/Brogan/Documents/se2/git-trophy/src/components/TrophyModel.js">
          <metrics statements="26" coveredstatements="26" conditionals="10" coveredconditionals="7" methods="7" coveredmethods="7"/>
          <line num="6" count="1" type="stmt"/>
          <line num="7" count="1" type="stmt"/>
          <line num="8" count="1" type="stmt"/>
          <line num="15" count="1" type="stmt"/>
          <line num="16" count="1" type="stmt"/>
          <line num="17" count="1" type="stmt"/>
          <line num="27" count="6" type="stmt"/>
          <line num="28" count="6" type="stmt"/>
          <line num="44" count="7" type="cond" truecount="1" falsecount="1"/>
          <line num="47" count="7" type="cond" truecount="1" falsecount="1"/>
          <line num="48" count="7" type="stmt"/>
          <line num="52" count="6" type="stmt"/>
          <line num="68" count="6" type="stmt"/>
          <line num="69" count="6" type="stmt"/>
          <line num="71" count="6" type="stmt"/>
          <line num="72" count="260" type="cond" truecount="2" falsecount="0"/>
          <line num="75" count="6" type="stmt"/>
          <line num="76" count="260" type="cond" truecount="2" falsecount="0"/>
          <line num="77" count="156" type="stmt"/>
          <line num="80" count="104" type="stmt"/>
          <line num="81" count="104" type="stmt"/>
          <line num="82" count="104" type="stmt"/>
          <line num="83" count="104" type="stmt"/>
          <line num="89" count="104" type="stmt"/>
          <line num="105" count="5" type="stmt"/>
          <line num="106" count="5" type="cond" truecount="1" falsecount="1"/>
        </file>
      </package>
    </metrics>
  </project>
</coverage>
