{"/Users/Brogan/Documents/se2/git-trophy/src/actions.js": {"path":"/Users/Brogan/Documents/se2/git-trophy/src/actions.js","statementMap":{"0":{"start":{"line":35,"column":17},"end":{"line":35,"column":77}},"1":{"start":{"line":37,"column":33},"end":{"line":61,"column":1}},"2":{"start":{"line":37,"column":51},"end":{"line":61,"column":1}},"3":{"start":{"line":38,"column":2},"end":{"line":38,"column":47}},"4":{"start":{"line":39,"column":2},"end":{"line":39,"column":37}},"5":{"start":{"line":40,"column":2},"end":{"line":60,"column":6}},"6":{"start":{"line":42,"column":6},"end":{"line":44,"column":7}},"7":{"start":{"line":43,"column":8},"end":{"line":43,"column":14}},"8":{"start":{"line":46,"column":6},"end":{"line":46,"column":37}},"9":{"start":{"line":47,"column":6},"end":{"line":52,"column":8}},"10":{"start":{"line":55,"column":6},"end":{"line":57,"column":7}},"11":{"start":{"line":56,"column":8},"end":{"line":56,"column":14}},"12":{"start":{"line":59,"column":6},"end":{"line":59,"column":51}},"13":{"start":{"line":63,"column":34},"end":{"line":101,"column":7}},"14":{"start":{"line":64,"column":2},"end":{"line":66,"column":3}},"15":{"start":{"line":65,"column":4},"end":{"line":65,"column":10}},"16":{"start":{"line":68,"column":2},"end":{"line":68,"column":38}},"17":{"start":{"line":69,"column":2},"end":{"line":100,"column":6}},"18":{"start":{"line":71,"column":6},"end":{"line":73,"column":7}},"19":{"start":{"line":72,"column":8},"end":{"line":72,"column":14}},"20":{"start":{"line":75,"column":20},"end":{"line":75,"column":39}},"21":{"start":{"line":76,"column":6},"end":{"line":76,"column":61}},"22":{"start":{"line":78,"column":6},"end":{"line":80,"column":7}},"23":{"start":{"line":79,"column":8},"end":{"line":79,"column":44}},"24":{"start":{"line":82,"column":27},"end":{"line":82,"column":68}},"25":{"start":{"line":84,"column":6},"end":{"line":90,"column":7}},"26":{"start":{"line":85,"column":8},"end":{"line":85,"column":26}},"27":{"start":{"line":86,"column":13},"end":{"line":90,"column":7}},"28":{"start":{"line":87,"column":8},"end":{"line":87,"column":34}},"29":{"start":{"line":89,"column":8},"end":{"line":89,"column":30}},"30":{"start":{"line":91,"column":6},"end":{"line":91,"column":65}},"31":{"start":{"line":92,"column":6},"end":{"line":92,"column":64}},"32":{"start":{"line":95,"column":6},"end":{"line":97,"column":7}},"33":{"start":{"line":96,"column":8},"end":{"line":96,"column":14}},"34":{"start":{"line":99,"column":6},"end":{"line":99,"column":42}},"35":{"start":{"line":103,"column":36},"end":{"line":108,"column":1}},"36":{"start":{"line":103,"column":54},"end":{"line":108,"column":1}},"37":{"start":{"line":104,"column":2},"end":{"line":104,"column":37}},"38":{"start":{"line":106,"column":2},"end":{"line":106,"column":52}},"39":{"start":{"line":107,"column":2},"end":{"line":107,"column":68}},"40":{"start":{"line":110,"column":26},"end":{"line":114,"column":1}},"41":{"start":{"line":111,"column":15},"end":{"line":111,"column":54}},"42":{"start":{"line":112,"column":2},"end":{"line":112,"column":27}},"43":{"start":{"line":113,"column":2},"end":{"line":113,"column":38}},"44":{"start":{"line":116,"column":34},"end":{"line":124,"column":1}},"45":{"start":{"line":116,"column":44},"end":{"line":124,"column":1}},"46":{"start":{"line":117,"column":2},"end":{"line":119,"column":3}},"47":{"start":{"line":118,"column":4},"end":{"line":118,"column":10}},"48":{"start":{"line":120,"column":2},"end":{"line":120,"column":48}},"49":{"start":{"line":122,"column":17},"end":{"line":122,"column":38}},"50":{"start":{"line":123,"column":2},"end":{"line":123,"column":60}},"51":{"start":{"line":126,"column":33},"end":{"line":128,"column":1}},"52":{"start":{"line":127,"column":2},"end":{"line":127,"column":50}},"53":{"start":{"line":130,"column":29},"end":{"line":143,"column":1}},"54":{"start":{"line":130,"column":35},"end":{"line":143,"column":1}},"55":{"start":{"line":131,"column":2},"end":{"line":131,"column":39}},"56":{"start":{"line":132,"column":38},"end":{"line":132,"column":52}},"57":{"start":{"line":133,"column":2},"end":{"line":133,"column":32}},"58":{"start":{"line":134,"column":16},"end":{"line":134,"column":49}},"59":{"start":{"line":135,"column":19},"end":{"line":135,"column":60}},"60":{"start":{"line":138,"column":2},"end":{"line":142,"column":7}},"61":{"start":{"line":139,"column":20},"end":{"line":139,"column":41}},"62":{"start":{"line":140,"column":4},"end":{"line":140,"column":48}},"63":{"start":{"line":141,"column":4},"end":{"line":141,"column":44}},"64":{"start":{"line":145,"column":27},"end":{"line":186,"column":1}},"65":{"start":{"line":145,"column":33},"end":{"line":186,"column":1}},"66":{"start":{"line":146,"column":2},"end":{"line":149,"column":3}},"67":{"start":{"line":147,"column":4},"end":{"line":147,"column":31}},"68":{"start":{"line":148,"column":4},"end":{"line":148,"column":10}},"69":{"start":{"line":151,"column":38},"end":{"line":151,"column":52}},"70":{"start":{"line":152,"column":2},"end":{"line":152,"column":37}},"71":{"start":{"line":153,"column":2},"end":{"line":153,"column":39}},"72":{"start":{"line":156,"column":2},"end":{"line":185,"column":4}},"73":{"start":{"line":157,"column":18},"end":{"line":157,"column":51}},"74":{"start":{"line":158,"column":20},"end":{"line":158,"column":41}},"75":{"start":{"line":160,"column":22},"end":{"line":160,"column":37}},"76":{"start":{"line":162,"column":20},"end":{"line":169,"column":5}},"77":{"start":{"line":171,"column":4},"end":{"line":184,"column":6}},"78":{"start":{"line":174,"column":6},"end":{"line":174,"column":63}},"79":{"start":{"line":175,"column":6},"end":{"line":175,"column":44}},"80":{"start":{"line":176,"column":6},"end":{"line":176,"column":15}},"81":{"start":{"line":178,"column":6},"end":{"line":181,"column":7}},"82":{"start":{"line":179,"column":8},"end":{"line":179,"column":24}},"83":{"start":{"line":180,"column":8},"end":{"line":180,"column":33}},"84":{"start":{"line":182,"column":6},"end":{"line":182,"column":44}},"85":{"start":{"line":183,"column":6},"end":{"line":183,"column":17}}},"fnMap":{"0":{"name":"(anonymous_0)","decl":{"start":{"line":37,"column":33},"end":{"line":37,"column":34}},"loc":{"start":{"line":37,"column":51},"end":{"line":61,"column":1}},"line":37},"1":{"name":"(anonymous_1)","decl":{"start":{"line":37,"column":51},"end":{"line":37,"column":52}},"loc":{"start":{"line":37,"column":75},"end":{"line":61,"column":1}},"line":37},"2":{"name":"(anonymous_2)","decl":{"start":{"line":41,"column":10},"end":{"line":41,"column":11}},"loc":{"start":{"line":41,"column":24},"end":{"line":53,"column":5}},"line":41},"3":{"name":"(anonymous_3)","decl":{"start":{"line":54,"column":11},"end":{"line":54,"column":12}},"loc":{"start":{"line":54,"column":17},"end":{"line":60,"column":5}},"line":54},"4":{"name":"(anonymous_4)","decl":{"start":{"line":63,"column":43},"end":{"line":63,"column":44}},"loc":{"start":{"line":63,"column":81},"end":{"line":101,"column":1}},"line":63},"5":{"name":"(anonymous_5)","decl":{"start":{"line":70,"column":10},"end":{"line":70,"column":11}},"loc":{"start":{"line":70,"column":24},"end":{"line":93,"column":5}},"line":70},"6":{"name":"(anonymous_6)","decl":{"start":{"line":94,"column":11},"end":{"line":94,"column":12}},"loc":{"start":{"line":94,"column":17},"end":{"line":100,"column":5}},"line":94},"7":{"name":"(anonymous_7)","decl":{"start":{"line":103,"column":36},"end":{"line":103,"column":37}},"loc":{"start":{"line":103,"column":54},"end":{"line":108,"column":1}},"line":103},"8":{"name":"(anonymous_8)","decl":{"start":{"line":103,"column":54},"end":{"line":103,"column":55}},"loc":{"start":{"line":103,"column":78},"end":{"line":108,"column":1}},"line":103},"9":{"name":"(anonymous_9)","decl":{"start":{"line":110,"column":26},"end":{"line":110,"column":27}},"loc":{"start":{"line":110,"column":44},"end":{"line":114,"column":1}},"line":110},"10":{"name":"(anonymous_10)","decl":{"start":{"line":116,"column":34},"end":{"line":116,"column":35}},"loc":{"start":{"line":116,"column":44},"end":{"line":124,"column":1}},"line":116},"11":{"name":"(anonymous_11)","decl":{"start":{"line":116,"column":44},"end":{"line":116,"column":45}},"loc":{"start":{"line":116,"column":68},"end":{"line":124,"column":1}},"line":116},"12":{"name":"(anonymous_12)","decl":{"start":{"line":126,"column":33},"end":{"line":126,"column":34}},"loc":{"start":{"line":126,"column":48},"end":{"line":128,"column":1}},"line":126},"13":{"name":"(anonymous_13)","decl":{"start":{"line":130,"column":29},"end":{"line":130,"column":30}},"loc":{"start":{"line":130,"column":35},"end":{"line":143,"column":1}},"line":130},"14":{"name":"(anonymous_14)","decl":{"start":{"line":130,"column":35},"end":{"line":130,"column":36}},"loc":{"start":{"line":130,"column":59},"end":{"line":143,"column":1}},"line":130},"15":{"name":"(anonymous_15)","decl":{"start":{"line":138,"column":20},"end":{"line":138,"column":21}},"loc":{"start":{"line":138,"column":26},"end":{"line":142,"column":3}},"line":138},"16":{"name":"(anonymous_16)","decl":{"start":{"line":145,"column":27},"end":{"line":145,"column":28}},"loc":{"start":{"line":145,"column":33},"end":{"line":186,"column":1}},"line":145},"17":{"name":"(anonymous_17)","decl":{"start":{"line":145,"column":33},"end":{"line":145,"column":34}},"loc":{"start":{"line":145,"column":57},"end":{"line":186,"column":1}},"line":145},"18":{"name":"(anonymous_18)","decl":{"start":{"line":156,"column":21},"end":{"line":156,"column":22}},"loc":{"start":{"line":156,"column":42},"end":{"line":185,"column":3}},"line":156},"19":{"name":"(anonymous_19)","decl":{"start":{"line":173,"column":11},"end":{"line":173,"column":12}},"loc":{"start":{"line":173,"column":25},"end":{"line":177,"column":5}},"line":173},"20":{"name":"(anonymous_20)","decl":{"start":{"line":177,"column":13},"end":{"line":177,"column":14}},"loc":{"start":{"line":177,"column":22},"end":{"line":184,"column":5}},"line":177}},"branchMap":{"0":{"loc":{"start":{"line":42,"column":6},"end":{"line":44,"column":7}},"type":"if","locations":[{"start":{"line":42,"column":6},"end":{"line":44,"column":7}},{"start":{"line":42,"column":6},"end":{"line":44,"column":7}}],"line":42},"1":{"loc":{"start":{"line":55,"column":6},"end":{"line":57,"column":7}},"type":"if","locations":[{"start":{"line":55,"column":6},"end":{"line":57,"column":7}},{"start":{"line":55,"column":6},"end":{"line":57,"column":7}}],"line":55},"2":{"loc":{"start":{"line":64,"column":2},"end":{"line":66,"column":3}},"type":"if","locations":[{"start":{"line":64,"column":2},"end":{"line":66,"column":3}},{"start":{"line":64,"column":2},"end":{"line":66,"column":3}}],"line":64},"3":{"loc":{"start":{"line":71,"column":6},"end":{"line":73,"column":7}},"type":"if","locations":[{"start":{"line":71,"column":6},"end":{"line":73,"column":7}},{"start":{"line":71,"column":6},"end":{"line":73,"column":7}}],"line":71},"4":{"loc":{"start":{"line":78,"column":6},"end":{"line":80,"column":7}},"type":"if","locations":[{"start":{"line":78,"column":6},"end":{"line":80,"column":7}},{"start":{"line":78,"column":6},"end":{"line":80,"column":7}}],"line":78},"5":{"loc":{"start":{"line":84,"column":6},"end":{"line":90,"column":7}},"type":"if","locations":[{"start":{"line":84,"column":6},"end":{"line":90,"column":7}},{"start":{"line":84,"column":6},"end":{"line":90,"column":7}}],"line":84},"6":{"loc":{"start":{"line":84,"column":10},"end":{"line":84,"column":38}},"type":"binary-expr","locations":[{"start":{"line":84,"column":10},"end":{"line":84,"column":14}},{"start":{"line":84,"column":18},"end":{"line":84,"column":38}}],"line":84},"7":{"loc":{"start":{"line":86,"column":13},"end":{"line":90,"column":7}},"type":"if","locations":[{"start":{"line":86,"column":13},"end":{"line":90,"column":7}},{"start":{"line":86,"column":13},"end":{"line":90,"column":7}}],"line":86},"8":{"loc":{"start":{"line":95,"column":6},"end":{"line":97,"column":7}},"type":"if","locations":[{"start":{"line":95,"column":6},"end":{"line":97,"column":7}},{"start":{"line":95,"column":6},"end":{"line":97,"column":7}}],"line":95},"9":{"loc":{"start":{"line":117,"column":2},"end":{"line":119,"column":3}},"type":"if","locations":[{"start":{"line":117,"column":2},"end":{"line":119,"column":3}},{"start":{"line":117,"column":2},"end":{"line":119,"column":3}}],"line":117},"10":{"loc":{"start":{"line":146,"column":2},"end":{"line":149,"column":3}},"type":"if","locations":[{"start":{"line":146,"column":2},"end":{"line":149,"column":3}},{"start":{"line":146,"column":2},"end":{"line":149,"column":3}}],"line":146},"11":{"loc":{"start":{"line":178,"column":6},"end":{"line":181,"column":7}},"type":"if","locations":[{"start":{"line":178,"column":6},"end":{"line":181,"column":7}},{"start":{"line":178,"column":6},"end":{"line":181,"column":7}}],"line":178}},"s":{"0":1,"1":1,"2":4,"3":4,"4":2,"5":2,"6":2,"7":0,"8":2,"9":2,"10":0,"11":0,"12":0,"13":1,"14":0,"15":0,"16":0,"17":0,"18":0,"19":0,"20":0,"21":0,"22":0,"23":0,"24":0,"25":0,"26":0,"27":0,"28":0,"29":0,"30":0,"31":0,"32":0,"33":0,"34":0,"35":1,"36":0,"37":0,"38":0,"39":0,"40":1,"41":2,"42":2,"43":2,"44":1,"45":0,"46":0,"47":0,"48":0,"49":0,"50":0,"51":1,"52":0,"53":1,"54":0,"55":0,"56":0,"57":0,"58":0,"59":0,"60":0,"61":0,"62":0,"63":0,"64":1,"65":0,"66":0,"67":0,"68":0,"69":0,"70":0,"71":0,"72":0,"73":0,"74":0,"75":0,"76":0,"77":0,"78":0,"79":0,"80":0,"81":0,"82":0,"83":0,"84":0,"85":0},"f":{"0":4,"1":4,"2":2,"3":0,"4":0,"5":0,"6":0,"7":0,"8":0,"9":2,"10":0,"11":0,"12":0,"13":0,"14":0,"15":0,"16":0,"17":0,"18":0,"19":0,"20":0},"b":{"0":[0,2],"1":[0,0],"2":[0,0],"3":[0,0],"4":[0,0],"5":[0,0],"6":[0,0],"7":[0,0],"8":[0,0],"9":[0,0],"10":[0,0],"11":[0,0]},"_coverageSchema":"332fd63041d2c1bcb487cc26dd0d5f7d97098a6c","hash":"4f4c1c679b7499446dc5cf48d86b1f0609b7b3b2"}
,"/Users/Brogan/Documents/se2/git-trophy/src/analytics.js": {"path":"/Users/Brogan/Documents/se2/git-trophy/src/analytics.js","statementMap":{"0":{"start":{"line":3,"column":0},"end":{"line":5,"column":2}},"1":{"start":{"line":8,"column":2},"end":{"line":10,"column":3}},"2":{"start":{"line":9,"column":4},"end":{"line":9,"column":10}},"3":{"start":{"line":12,"column":2},"end":{"line":12,"column":22}},"4":{"start":{"line":16,"column":2},"end":{"line":20,"column":4}},"5":{"start":{"line":24,"column":2},"end":{"line":28,"column":4}},"6":{"start":{"line":32,"column":2},"end":{"line":36,"column":4}}},"fnMap":{"0":{"name":"sendEvent","decl":{"start":{"line":7,"column":9},"end":{"line":7,"column":18}},"loc":{"start":{"line":7,"column":27},"end":{"line":13,"column":1}},"line":7},"1":{"name":"registerDownload","decl":{"start":{"line":15,"column":16},"end":{"line":15,"column":32}},"loc":{"start":{"line":15,"column":48},"end":{"line":21,"column":1}},"line":15},"2":{"name":"registerShapewaysExport","decl":{"start":{"line":23,"column":16},"end":{"line":23,"column":39}},"loc":{"start":{"line":23,"column":55},"end":{"line":29,"column":1}},"line":23},"3":{"name":"registerChartDownload","decl":{"start":{"line":31,"column":16},"end":{"line":31,"column":37}},"loc":{"start":{"line":31,"column":53},"end":{"line":37,"column":1}},"line":31}},"branchMap":{"0":{"loc":{"start":{"line":8,"column":2},"end":{"line":10,"column":3}},"type":"if","locations":[{"start":{"line":8,"column":2},"end":{"line":10,"column":3}},{"start":{"line":8,"column":2},"end":{"line":10,"column":3}}],"line":8}},"s":{"0":1,"1":2,"2":2,"3":0,"4":0,"5":0,"6":2},"f":{"0":2,"1":0,"2":0,"3":2},"b":{"0":[2,0]},"_coverageSchema":"332fd63041d2c1bcb487cc26dd0d5f7d97098a6c","hash":"3054d5a91458f2fb3083f3916edddb7856da9cdb"}
,"/Users/Brogan/Documents/se2/git-trophy/src/oauth.js": {"path":"/Users/Brogan/Documents/se2/git-trophy/src/oauth.js","statementMap":{"0":{"start":{"line":1,"column":15},"end":{"line":8,"column":1}}},"fnMap":{},"branchMap":{},"s":{"0":1},"f":{},"b":{},"_coverageSchema":"332fd63041d2c1bcb487cc26dd0d5f7d97098a6c","hash":"a35ab761b74b6a1207cb1a0e6964eaa64696bde8"}
,"/Users/Brogan/Documents/se2/git-trophy/src/types.js": {"path":"/Users/Brogan/Documents/se2/git-trophy/src/types.js","statementMap":{"0":{"start":{"line":1,"column":42},"end":{"line":1,"column":70}},"1":{"start":{"line":2,"column":37},"end":{"line":2,"column":60}},"2":{"start":{"line":4,"column":36},"end":{"line":4,"column":58}},"3":{"start":{"line":5,"column":41},"end":{"line":5,"column":68}},"4":{"start":{"line":6,"column":35},"end":{"line":6,"column":56}},"5":{"start":{"line":7,"column":33},"end":{"line":7,"column":52}},"6":{"start":{"line":8,"column":35},"end":{"line":8,"column":56}},"7":{"start":{"line":9,"column":34},"end":{"line":9,"column":54}},"8":{"start":{"line":11,"column":38},"end":{"line":11,"column":62}},"9":{"start":{"line":12,"column":36},"end":{"line":12,"column":58}},"10":{"start":{"line":14,"column":43},"end":{"line":14,"column":72}},"11":{"start":{"line":15,"column":34},"end":{"line":15,"column":54}},"12":{"start":{"line":17,"column":38},"end":{"line":17,"column":62}},"13":{"start":{"line":18,"column":38},"end":{"line":18,"column":62}},"14":{"start":{"line":19,"column":36},"end":{"line":19,"column":58}}},"fnMap":{},"branchMap":{},"s":{"0":1,"1":1,"2":1,"3":1,"4":1,"5":1,"6":1,"7":1,"8":1,"9":1,"10":1,"11":1,"12":1,"13":1,"14":1},"f":{},"b":{},"_coverageSchema":"332fd63041d2c1bcb487cc26dd0d5f7d97098a6c","hash":"9e96500328a2fa88288f72ec99868dfdba2ef010"}
,"/Users/Brogan/Documents/se2/git-trophy/src/x3d-exporter.js": {"path":"/Users/Brogan/Documents/se2/git-trophy/src/x3d-exporter.js","statementMap":{"0":{"start":{"line":4,"column":2},"end":{"line":7,"column":92}},"1":{"start":{"line":11,"column":2},"end":{"line":13,"column":60}},"2":{"start":{"line":17,"column":2},"end":{"line":25,"column":21}},"3":{"start":{"line":20,"column":6},"end":{"line":20,"column":44}},"4":{"start":{"line":24,"column":6},"end":{"line":24,"column":36}},"5":{"start":{"line":29,"column":2},"end":{"line":34,"column":3}},"6":{"start":{"line":30,"column":4},"end":{"line":33,"column":61}},"7":{"start":{"line":36,"column":2},"end":{"line":45,"column":3}},"8":{"start":{"line":37,"column":4},"end":{"line":37,"column":41}},"9":{"start":{"line":38,"column":4},"end":{"line":38,"column":41}},"10":{"start":{"line":39,"column":4},"end":{"line":39,"column":41}},"11":{"start":{"line":40,"column":4},"end":{"line":40,"column":18}},"12":{"start":{"line":41,"column":9},"end":{"line":45,"column":3}},"13":{"start":{"line":42,"column":4},"end":{"line":44,"column":6}},"14":{"start":{"line":43,"column":6},"end":{"line":43,"column":31}},"15":{"start":{"line":46,"column":2},"end":{"line":46,"column":11}},"16":{"start":{"line":50,"column":13},"end":{"line":50,"column":28}},"17":{"start":{"line":51,"column":2},"end":{"line":51,"column":26}},"18":{"start":{"line":53,"column":2},"end":{"line":55,"column":4}},"19":{"start":{"line":54,"column":4},"end":{"line":54,"column":29}},"20":{"start":{"line":57,"column":2},"end":{"line":57,"column":33}}},"fnMap":{"0":{"name":"createX3DRoot","decl":{"start":{"line":3,"column":9},"end":{"line":3,"column":22}},"loc":{"start":{"line":3,"column":26},"end":{"line":8,"column":1}},"line":3},"1":{"name":"exportMaterial","decl":{"start":{"line":10,"column":9},"end":{"line":10,"column":23}},"loc":{"start":{"line":10,"column":41},"end":{"line":14,"column":1}},"line":10},"2":{"name":"exportGeometry","decl":{"start":{"line":16,"column":9},"end":{"line":16,"column":23}},"loc":{"start":{"line":16,"column":41},"end":{"line":26,"column":1}},"line":16},"3":{"name":"(anonymous_3)","decl":{"start":{"line":19,"column":45},"end":{"line":19,"column":46}},"loc":{"start":{"line":19,"column":57},"end":{"line":21,"column":5}},"line":19},"4":{"name":"(anonymous_4)","decl":{"start":{"line":23,"column":43},"end":{"line":23,"column":44}},"loc":{"start":{"line":23,"column":55},"end":{"line":25,"column":5}},"line":23},"5":{"name":"exportObject","decl":{"start":{"line":28,"column":9},"end":{"line":28,"column":21}},"loc":{"start":{"line":28,"column":37},"end":{"line":47,"column":1}},"line":28},"6":{"name":"(anonymous_6)","decl":{"start":{"line":42,"column":28},"end":{"line":42,"column":29}},"loc":{"start":{"line":42,"column":39},"end":{"line":44,"column":5}},"line":42},"7":{"name":"exportSceneX3D","decl":{"start":{"line":49,"column":9},"end":{"line":49,"column":23}},"loc":{"start":{"line":49,"column":32},"end":{"line":58,"column":1}},"line":49},"8":{"name":"(anonymous_8)","decl":{"start":{"line":53,"column":25},"end":{"line":53,"column":26}},"loc":{"start":{"line":53,"column":36},"end":{"line":55,"column":3}},"line":53}},"branchMap":{"0":{"loc":{"start":{"line":29,"column":2},"end":{"line":34,"column":3}},"type":"if","locations":[{"start":{"line":29,"column":2},"end":{"line":34,"column":3}},{"start":{"line":29,"column":2},"end":{"line":34,"column":3}}],"line":29},"1":{"loc":{"start":{"line":29,"column":6},"end":{"line":29,"column":58}},"type":"binary-expr","locations":[{"start":{"line":29,"column":6},"end":{"line":29,"column":28}},{"start":{"line":29,"column":32},"end":{"line":29,"column":58}}],"line":29},"2":{"loc":{"start":{"line":36,"column":2},"end":{"line":45,"column":3}},"type":"if","locations":[{"start":{"line":36,"column":2},"end":{"line":45,"column":3}},{"start":{"line":36,"column":2},"end":{"line":45,"column":3}}],"line":36},"3":{"loc":{"start":{"line":41,"column":9},"end":{"line":45,"column":3}},"type":"if","locations":[{"start":{"line":41,"column":9},"end":{"line":45,"column":3}},{"start":{"line":41,"column":9},"end":{"line":45,"column":3}}],"line":41}},"s":{"0":0,"1":0,"2":0,"3":0,"4":0,"5":0,"6":0,"7":0,"8":0,"9":0,"10":0,"11":0,"12":0,"13":0,"14":0,"15":0,"16":0,"17":0,"18":0,"19":0,"20":0},"f":{"0":0,"1":0,"2":0,"3":0,"4":0,"5":0,"6":0,"7":0,"8":0},"b":{"0":[0,0],"1":[0,0],"2":[0,0],"3":[0,0]},"_coverageSchema":"332fd63041d2c1bcb487cc26dd0d5f7d97098a6c","hash":"33a729a665da40bdc0afee5bc9c2f27a0624c18f"}
,"/Users/Brogan/Documents/se2/git-trophy/src/components/ExportPanel.js": {"path":"/Users/Brogan/Documents/se2/git-trophy/src/components/ExportPanel.js","statementMap":{"0":{"start":{"line":16,"column":4},"end":{"line":16,"column":16}},"1":{"start":{"line":18,"column":4},"end":{"line":20,"column":5}},"2":{"start":{"line":22,"column":4},"end":{"line":22,"column":50}},"3":{"start":{"line":23,"column":4},"end":{"line":23,"column":52}},"4":{"start":{"line":27,"column":4},"end":{"line":27,"column":90}},"5":{"start":{"line":31,"column":4},"end":{"line":46,"column":5}},"6":{"start":{"line":50,"column":4},"end":{"line":50,"column":36}},"7":{"start":{"line":51,"column":4},"end":{"line":51,"column":32}},"8":{"start":{"line":52,"column":4},"end":{"line":52,"column":40}},"9":{"start":{"line":53,"column":4},"end":{"line":55,"column":12}},"10":{"start":{"line":54,"column":6},"end":{"line":54,"column":43}},"11":{"start":{"line":59,"column":21},"end":{"line":59,"column":48}},"12":{"start":{"line":60,"column":4},"end":{"line":60,"column":61}},"13":{"start":{"line":61,"column":4},"end":{"line":63,"column":5}},"14":{"start":{"line":64,"column":4},"end":{"line":64,"column":37}},"15":{"start":{"line":69,"column":6},"end":{"line":73,"column":42}},"16":{"start":{"line":76,"column":4},"end":{"line":107,"column":5}},"17":{"start":{"line":93,"column":29},"end":{"line":93,"column":48}}},"fnMap":{"0":{"name":"(anonymous_0)","decl":{"start":{"line":15,"column":2},"end":{"line":15,"column":3}},"loc":{"start":{"line":15,"column":22},"end":{"line":24,"column":3}},"line":15},"1":{"name":"(anonymous_1)","decl":{"start":{"line":26,"column":2},"end":{"line":26,"column":3}},"loc":{"start":{"line":26,"column":12},"end":{"line":28,"column":3}},"line":26},"2":{"name":"(anonymous_2)","decl":{"start":{"line":30,"column":2},"end":{"line":30,"column":3}},"loc":{"start":{"line":30,"column":24},"end":{"line":47,"column":3}},"line":30},"3":{"name":"(anonymous_3)","decl":{"start":{"line":49,"column":2},"end":{"line":49,"column":3}},"loc":{"start":{"line":49,"column":17},"end":{"line":56,"column":3}},"line":49},"4":{"name":"(anonymous_4)","decl":{"start":{"line":53,"column":15},"end":{"line":53,"column":16}},"loc":{"start":{"line":53,"column":21},"end":{"line":55,"column":5}},"line":53},"5":{"name":"(anonymous_5)","decl":{"start":{"line":58,"column":2},"end":{"line":58,"column":3}},"loc":{"start":{"line":58,"column":18},"end":{"line":65,"column":3}},"line":58},"6":{"name":"(anonymous_6)","decl":{"start":{"line":67,"column":2},"end":{"line":67,"column":3}},"loc":{"start":{"line":67,"column":12},"end":{"line":108,"column":3}},"line":67},"7":{"name":"(anonymous_7)","decl":{"start":{"line":93,"column":19},"end":{"line":93,"column":20}},"loc":{"start":{"line":93,"column":27},"end":{"line":93,"column":50}},"line":93}},"branchMap":{},"s":{"0":3,"1":3,"2":3,"3":3,"4":4,"5":7,"6":0,"7":0,"8":0,"9":0,"10":0,"11":0,"12":0,"13":0,"14":0,"15":3,"16":3,"17":0},"f":{"0":3,"1":4,"2":7,"3":0,"4":0,"5":0,"6":3,"7":0},"b":{},"_coverageSchema":"332fd63041d2c1bcb487cc26dd0d5f7d97098a6c","hash":"26dbcfaed8c7a1c77b753d26dfa0d98bbffcc945"}
,"/Users/Brogan/Documents/se2/git-trophy/src/components/RepoSelector.js": {"path":"/Users/Brogan/Documents/se2/git-trophy/src/components/RepoSelector.js","statementMap":{"0":{"start":{"line":17,"column":4},"end":{"line":17,"column":16}},"1":{"start":{"line":18,"column":4},"end":{"line":18,"column":68}},"2":{"start":{"line":19,"column":4},"end":{"line":19,"column":64}},"3":{"start":{"line":21,"column":4},"end":{"line":24,"column":5}},"4":{"start":{"line":28,"column":4},"end":{"line":28,"column":45}},"5":{"start":{"line":32,"column":4},"end":{"line":32,"column":47}},"6":{"start":{"line":36,"column":4},"end":{"line":63,"column":5}}},"fnMap":{"0":{"name":"(anonymous_0)","decl":{"start":{"line":16,"column":2},"end":{"line":16,"column":3}},"loc":{"start":{"line":16,"column":22},"end":{"line":25,"column":3}},"line":16},"1":{"name":"(anonymous_1)","decl":{"start":{"line":27,"column":2},"end":{"line":27,"column":3}},"loc":{"start":{"line":27,"column":33},"end":{"line":29,"column":3}},"line":27},"2":{"name":"(anonymous_2)","decl":{"start":{"line":31,"column":2},"end":{"line":31,"column":3}},"loc":{"start":{"line":31,"column":31},"end":{"line":33,"column":3}},"line":31},"3":{"name":"(anonymous_3)","decl":{"start":{"line":35,"column":2},"end":{"line":35,"column":3}},"loc":{"start":{"line":35,"column":12},"end":{"line":64,"column":3}},"line":35}},"branchMap":{"0":{"loc":{"start":{"line":23,"column":20},"end":{"line":23,"column":77}},"type":"cond-expr","locations":[{"start":{"line":23,"column":45},"end":{"line":23,"column":70}},{"start":{"line":23,"column":73},"end":{"line":23,"column":77}}],"line":23},"1":{"loc":{"start":{"line":57,"column":24},"end":{"line":57,"column":81}},"type":"binary-expr","locations":[{"start":{"line":57,"column":24},"end":{"line":57,"column":47}},{"start":{"line":57,"column":51},"end":{"line":57,"column":81}}],"line":57}},"s":{"0":2,"1":2,"2":2,"3":2,"4":1,"5":0,"6":2},"f":{"0":2,"1":1,"2":0,"3":2},"b":{"0":[2,0],"1":[2,2]},"_coverageSchema":"332fd63041d2c1bcb487cc26dd0d5f7d97098a6c","hash":"50698fc65e78b4c14a25d4111b185d1848fefcfe"}
,"/Users/Brogan/Documents/se2/git-trophy/src/components/TrophyModel.js": {"path":"/Users/Brogan/Documents/se2/git-trophy/src/components/TrophyModel.js","statementMap":{"0":{"start":{"line":6,"column":19},"end":{"line":6,"column":27}},"1":{"start":{"line":7,"column":19},"end":{"line":7,"column":27}},"2":{"start":{"line":8,"column":19},"end":{"line":14,"column":1}},"3":{"start":{"line":15,"column":18},"end":{"line":15,"column":21}},"4":{"start":{"line":16,"column":18},"end":{"line":16,"column":22}},"5":{"start":{"line":17,"column":18},"end":{"line":17,"column":22}},"6":{"start":{"line":27,"column":18},"end":{"line":27,"column":59}},"7":{"start":{"line":28,"column":4},"end":{"line":39,"column":5}},"8":{"start":{"line":44,"column":6},"end":{"line":44,"column":96}},"9":{"start":{"line":47,"column":22},"end":{"line":47,"column":65}},"10":{"start":{"line":48,"column":4},"end":{"line":48,"column":61}},"11":{"start":{"line":52,"column":4},"end":{"line":64,"column":5}},"12":{"start":{"line":68,"column":15},"end":{"line":68,"column":21}},"13":{"start":{"line":69,"column":15},"end":{"line":69,"column":21}},"14":{"start":{"line":71,"column":21},"end":{"line":73,"column":9}},"15":{"start":{"line":72,"column":6},"end":{"line":72,"column":50}},"16":{"start":{"line":75,"column":4},"end":{"line":101,"column":6}},"17":{"start":{"line":76,"column":6},"end":{"line":78,"column":7}},"18":{"start":{"line":77,"column":8},"end":{"line":77,"column":19}},"19":{"start":{"line":80,"column":19},"end":{"line":80,"column":38}},"20":{"start":{"line":81,"column":24},"end":{"line":81,"column":31}},"21":{"start":{"line":82,"column":21},"end":{"line":82,"column":83}},"22":{"start":{"line":83,"column":18},"end":{"line":87,"column":7}},"23":{"start":{"line":89,"column":6},"end":{"line":100,"column":7}},"24":{"start":{"line":105,"column":18},"end":{"line":105,"column":59}},"25":{"start":{"line":106,"column":4},"end":{"line":112,"column":12}}},"fnMap":{"0":{"name":"(anonymous_0)","decl":{"start":{"line":26,"column":2},"end":{"line":26,"column":3}},"loc":{"start":{"line":26,"column":13},"end":{"line":40,"column":3}},"line":26},"1":{"name":"(anonymous_1)","decl":{"start":{"line":42,"column":2},"end":{"line":42,"column":3}},"loc":{"start":{"line":42,"column":18},"end":{"line":49,"column":3}},"line":42},"2":{"name":"(anonymous_2)","decl":{"start":{"line":51,"column":2},"end":{"line":51,"column":3}},"loc":{"start":{"line":51,"column":14},"end":{"line":65,"column":3}},"line":51},"3":{"name":"(anonymous_3)","decl":{"start":{"line":67,"column":2},"end":{"line":67,"column":3}},"loc":{"start":{"line":67,"column":13},"end":{"line":102,"column":3}},"line":67},"4":{"name":"(anonymous_4)","decl":{"start":{"line":71,"column":44},"end":{"line":71,"column":45}},"loc":{"start":{"line":71,"column":60},"end":{"line":73,"column":5}},"line":71},"5":{"name":"(anonymous_5)","decl":{"start":{"line":75,"column":31},"end":{"line":75,"column":32}},"loc":{"start":{"line":75,"column":45},"end":{"line":101,"column":5}},"line":75},"6":{"name":"(anonymous_6)","decl":{"start":{"line":104,"column":2},"end":{"line":104,"column":3}},"loc":{"start":{"line":104,"column":12},"end":{"line":113,"column":3}},"line":104}},"branchMap":{"0":{"loc":{"start":{"line":44,"column":6},"end":{"line":44,"column":96}},"type":"cond-expr","locations":[{"start":{"line":44,"column":38},"end":{"line":44,"column":55}},{"start":{"line":44,"column":58},"end":{"line":44,"column":96}}],"line":44},"1":{"loc":{"start":{"line":47,"column":22},"end":{"line":47,"column":65}},"type":"cond-expr","locations":[{"start":{"line":47,"column":56},"end":{"line":47,"column":59}},{"start":{"line":47,"column":62},"end":{"line":47,"column":65}}],"line":47},"2":{"loc":{"start":{"line":72,"column":13},"end":{"line":72,"column":50}},"type":"cond-expr","locations":[{"start":{"line":72,"column":33},"end":{"line":72,"column":43}},{"start":{"line":72,"column":46},"end":{"line":72,"column":50}}],"line":72},"3":{"loc":{"start":{"line":76,"column":6},"end":{"line":78,"column":7}},"type":"if","locations":[{"start":{"line":76,"column":6},"end":{"line":78,"column":7}},{"start":{"line":76,"column":6},"end":{"line":78,"column":7}}],"line":76},"4":{"loc":{"start":{"line":106,"column":11},"end":{"line":112,"column":12}},"type":"cond-expr","locations":[{"start":{"line":107,"column":6},"end":{"line":111,"column":17}},{"start":{"line":112,"column":8},"end":{"line":112,"column":12}}],"line":106}},"s":{"0":1,"1":1,"2":1,"3":1,"4":1,"5":1,"6":6,"7":6,"8":7,"9":7,"10":7,"11":6,"12":6,"13":6,"14":6,"15":260,"16":6,"17":260,"18":156,"19":104,"20":104,"21":104,"22":104,"23":104,"24":5,"25":5},"f":{"0":6,"1":7,"2":6,"3":6,"4":260,"5":260,"6":5},"b":{"0":[7,0],"1":[0,7],"2":[2,258],"3":[156,104],"4":[5,0]},"_coverageSchema":"332fd63041d2c1bcb487cc26dd0d5f7d97098a6c","hash":"919a47d64e9c4ea6c697b2919c902a8d353a877d"}
}
