TN:
SF:/Users/Brogan/Documents/se2/git-trophy/src/types.js
FNF:0
FNH:0
DA:1,1
DA:2,1
DA:4,1
DA:5,1
DA:6,1
DA:7,1
DA:8,1
DA:9,1
DA:11,1
DA:12,1
DA:14,1
DA:15,1
DA:17,1
DA:18,1
DA:19,1
LF:15
LH:15
BRF:0
BRH:0
end_of_record
TN:
SF:/Users/Brogan/Documents/se2/git-trophy/src/components/ExportPanel.js
FN:15,(anonymous_0)
FN:26,(anonymous_1)
FN:30,(anonymous_2)
FN:49,(anonymous_3)
FN:53,(anonymous_4)
FN:58,(anonymous_5)
FN:67,(anonymous_6)
FN:93,(anonymous_7)
FNF:8
FNH:4
FNDA:3,(anonymous_0)
FNDA:4,(anonymous_1)
FNDA:7,(anonymous_2)
FNDA:0,(anonymous_3)
FNDA:0,(anonymous_4)
FNDA:0,(anonymous_5)
FNDA:3,(anonymous_6)
FNDA:0,(anonymous_7)
DA:16,3
DA:18,3
DA:22,3
DA:23,3
DA:27,4
DA:31,7
DA:50,0
DA:51,0
DA:52,0
DA:53,0
DA:54,0
DA:59,0
DA:60,0
DA:61,0
DA:64,0
DA:69,3
DA:76,3
DA:93,0
LF:18
LH:8
BRF:0
BRH:0
end_of_record
TN:
SF:/Users/Brogan/Documents/se2/git-trophy/src/components/RepoSelector.js
FN:16,(anonymous_0)
FN:27,(anonymous_1)
FN:31,(anonymous_2)
FN:35,(anonymous_3)
FNF:4
FNH:3
FNDA:2,(anonymous_0)
FNDA:1,(anonymous_1)
FNDA:0,(anonymous_2)
FNDA:2,(anonymous_3)
DA:17,2
DA:18,2
DA:19,2
DA:21,2
DA:28,1
DA:32,0
DA:36,2
LF:7
LH:6
BRDA:23,0,0,2
BRDA:23,0,1,0
BRDA:57,1,0,2
BRDA:57,1,1,2
BRF:4
BRH:3
end_of_record
TN:
SF:/Users/Brogan/Documents/se2/git-trophy/src/components/TrophyModel.js
FN:26,(anonymous_0)
FN:42,(anonymous_1)
FN:51,(anonymous_2)
FN:67,(anonymous_3)
FN:71,(anonymous_4)
FN:75,(anonymous_5)
FN:104,(anonymous_6)
FNF:7
FNH:7
FNDA:6,(anonymous_0)
FNDA:7,(anonymous_1)
FNDA:6,(anonymous_2)
FNDA:6,(anonymous_3)
FNDA:260,(anonymous_4)
FNDA:260,(anonymous_5)
FNDA:5,(anonymous_6)
DA:6,1
DA:7,1
DA:8,1
DA:15,1
DA:16,1
DA:17,1
DA:27,6
DA:28,6
DA:44,7
DA:47,7
DA:48,7
DA:52,6
DA:68,6
DA:69,6
DA:71,6
DA:72,260
DA:75,6
DA:76,260
DA:77,156
DA:80,104
DA:81,104
DA:82,104
DA:83,104
DA:89,104
DA:105,5
DA:106,5
LF:26
LH:26
BRDA:44,0,0,7
BRDA:44,0,1,0
BRDA:47,1,0,0
BRDA:47,1,1,7
BRDA:72,2,0,2
BRDA:72,2,1,258
BRDA:76,3,0,156
BRDA:76,3,1,104
BRDA:106,4,0,5
BRDA:106,4,1,0
BRF:10
BRH:7
end_of_record
