TN:
SF:/Users/Brogan/Documents/se2/git-trophy/src/actions.js
FN:37,(anonymous_0)
FN:37,(anonymous_1)
FN:41,(anonymous_2)
FN:54,(anonymous_3)
FN:63,(anonymous_4)
FN:70,(anonymous_5)
FN:94,(anonymous_6)
FN:103,(anonymous_7)
FN:103,(anonymous_8)
FN:110,(anonymous_9)
FN:116,(anonymous_10)
FN:116,(anonymous_11)
FN:126,(anonymous_12)
FN:130,(anonymous_13)
FN:130,(anonymous_14)
FN:138,(anonymous_15)
FN:145,(anonymous_16)
FN:145,(anonymous_17)
FN:156,(anonymous_18)
FN:173,(anonymous_19)
FN:177,(anonymous_20)
FNF:21
FNH:4
FNDA:4,(anonymous_0)
FNDA:4,(anonymous_1)
FNDA:2,(anonymous_2)
FNDA:0,(anonymous_3)
FNDA:0,(anonymous_4)
FNDA:0,(anonymous_5)
FNDA:0,(anonymous_6)
FNDA:0,(anonymous_7)
FNDA:0,(anonymous_8)
FNDA:2,(anonymous_9)
FNDA:0,(anonymous_10)
FNDA:0,(anonymous_11)
FNDA:0,(anonymous_12)
FNDA:0,(anonymous_13)
FNDA:0,(anonymous_14)
FNDA:0,(anonymous_15)
FNDA:0,(anonymous_16)
FNDA:0,(anonymous_17)
FNDA:0,(anonymous_18)
FNDA:0,(anonymous_19)
FNDA:0,(anonymous_20)
DA:35,1
DA:37,4
DA:38,4
DA:39,2
DA:40,2
DA:42,2
DA:43,0
DA:46,2
DA:47,2
DA:55,0
DA:56,0
DA:59,0
DA:63,1
DA:64,0
DA:65,0
DA:68,0
DA:69,0
DA:71,0
DA:72,0
DA:75,0
DA:76,0
DA:78,0
DA:79,0
DA:82,0
DA:84,0
DA:85,0
DA:86,0
DA:87,0
DA:89,0
DA:91,0
DA:92,0
DA:95,0
DA:96,0
DA:99,0
DA:103,1
DA:104,0
DA:106,0
DA:107,0
DA:110,1
DA:111,2
DA:112,2
DA:113,2
DA:116,1
DA:117,0
DA:118,0
DA:120,0
DA:122,0
DA:123,0
DA:126,1
DA:127,0
DA:130,1
DA:131,0
DA:132,0
DA:133,0
DA:134,0
DA:135,0
DA:138,0
DA:139,0
DA:140,0
DA:141,0
DA:145,1
DA:146,0
DA:147,0
DA:148,0
DA:151,0
DA:152,0
DA:153,0
DA:156,0
DA:157,0
DA:158,0
DA:160,0
DA:162,0
DA:171,0
DA:174,0
DA:175,0
DA:176,0
DA:178,0
DA:179,0
DA:180,0
DA:182,0
DA:183,0
LF:81
LH:18
BRDA:42,0,0,0
BRDA:42,0,1,2
BRDA:55,1,0,0
BRDA:55,1,1,0
BRDA:64,2,0,0
BRDA:64,2,1,0
BRDA:71,3,0,0
BRDA:71,3,1,0
BRDA:78,4,0,0
BRDA:78,4,1,0
BRDA:84,5,0,0
BRDA:84,5,1,0
BRDA:84,6,0,0
BRDA:84,6,1,0
BRDA:86,7,0,0
BRDA:86,7,1,0
BRDA:95,8,0,0
BRDA:95,8,1,0
BRDA:117,9,0,0
BRDA:117,9,1,0
BRDA:146,10,0,0
BRDA:146,10,1,0
BRDA:178,11,0,0
BRDA:178,11,1,0
BRF:24
BRH:1
end_of_record
TN:
SF:/Users/Brogan/Documents/se2/git-trophy/src/analytics.js
FN:7,sendEvent
FN:15,registerDownload
FN:23,registerShapewaysExport
FN:31,registerChartDownload
FNF:4
FNH:2
FNDA:2,sendEvent
FNDA:0,registerDownload
FNDA:0,registerShapewaysExport
FNDA:2,registerChartDownload
DA:3,1
DA:8,2
DA:9,2
DA:12,0
DA:16,0
DA:24,0
DA:32,2
LF:7
LH:4
BRDA:8,0,0,2
BRDA:8,0,1,0
BRF:2
BRH:1
end_of_record
TN:
SF:/Users/Brogan/Documents/se2/git-trophy/src/oauth.js
FNF:0
FNH:0
DA:1,1
LF:1
LH:1
BRF:0
BRH:0
end_of_record
TN:
SF:/Users/Brogan/Documents/se2/git-trophy/src/types.js
FNF:0
FNH:0
DA:1,1
DA:2,1
DA:4,1
DA:5,1
DA:6,1
DA:7,1
DA:8,1
DA:9,1
DA:11,1
DA:12,1
DA:14,1
DA:15,1
DA:17,1
DA:18,1
DA:19,1
LF:15
LH:15
BRF:0
BRH:0
end_of_record
TN:
SF:/Users/Brogan/Documents/se2/git-trophy/src/x3d-exporter.js
FN:3,createX3DRoot
FN:10,exportMaterial
FN:16,exportGeometry
FN:19,(anonymous_3)
FN:23,(anonymous_4)
FN:28,exportObject
FN:42,(anonymous_6)
FN:49,exportSceneX3D
FN:53,(anonymous_8)
FNF:9
FNH:0
FNDA:0,createX3DRoot
FNDA:0,exportMaterial
FNDA:0,exportGeometry
FNDA:0,(anonymous_3)
FNDA:0,(anonymous_4)
FNDA:0,exportObject
FNDA:0,(anonymous_6)
FNDA:0,exportSceneX3D
FNDA:0,(anonymous_8)
DA:4,0
DA:11,0
DA:17,0
DA:20,0
DA:24,0
DA:29,0
DA:30,0
DA:36,0
DA:37,0
DA:38,0
DA:39,0
DA:40,0
DA:41,0
DA:42,0
DA:43,0
DA:46,0
DA:50,0
DA:51,0
DA:53,0
DA:54,0
DA:57,0
LF:21
LH:0
BRDA:29,0,0,0
BRDA:29,0,1,0
BRDA:29,1,0,0
BRDA:29,1,1,0
BRDA:36,2,0,0
BRDA:36,2,1,0
BRDA:41,3,0,0
BRDA:41,3,1,0
BRF:8
BRH:0
end_of_record
TN:
SF:/Users/Brogan/Documents/se2/git-trophy/src/components/ExportPanel.js
FN:15,(anonymous_0)
FN:26,(anonymous_1)
FN:30,(anonymous_2)
FN:49,(anonymous_3)
FN:53,(anonymous_4)
FN:58,(anonymous_5)
FN:67,(anonymous_6)
FN:93,(anonymous_7)
FNF:8
FNH:4
FNDA:3,(anonymous_0)
FNDA:4,(anonymous_1)
FNDA:7,(anonymous_2)
FNDA:0,(anonymous_3)
FNDA:0,(anonymous_4)
FNDA:0,(anonymous_5)
FNDA:3,(anonymous_6)
FNDA:0,(anonymous_7)
DA:16,3
DA:18,3
DA:22,3
DA:23,3
DA:27,4
DA:31,7
DA:50,0
DA:51,0
DA:52,0
DA:53,0
DA:54,0
DA:59,0
DA:60,0
DA:61,0
DA:64,0
DA:69,3
DA:76,3
DA:93,0
LF:18
LH:8
BRF:0
BRH:0
end_of_record
TN:
SF:/Users/Brogan/Documents/se2/git-trophy/src/components/RepoSelector.js
FN:16,(anonymous_0)
FN:27,(anonymous_1)
FN:31,(anonymous_2)
FN:35,(anonymous_3)
FNF:4
FNH:3
FNDA:2,(anonymous_0)
FNDA:1,(anonymous_1)
FNDA:0,(anonymous_2)
FNDA:2,(anonymous_3)
DA:17,2
DA:18,2
DA:19,2
DA:21,2
DA:28,1
DA:32,0
DA:36,2
LF:7
LH:6
BRDA:23,0,0,2
BRDA:23,0,1,0
BRDA:57,1,0,2
BRDA:57,1,1,2
BRF:4
BRH:3
end_of_record
TN:
SF:/Users/Brogan/Documents/se2/git-trophy/src/components/TrophyModel.js
FN:26,(anonymous_0)
FN:42,(anonymous_1)
FN:51,(anonymous_2)
FN:67,(anonymous_3)
FN:71,(anonymous_4)
FN:75,(anonymous_5)
FN:104,(anonymous_6)
FNF:7
FNH:7
FNDA:6,(anonymous_0)
FNDA:7,(anonymous_1)
FNDA:6,(anonymous_2)
FNDA:6,(anonymous_3)
FNDA:260,(anonymous_4)
FNDA:260,(anonymous_5)
FNDA:5,(anonymous_6)
DA:6,1
DA:7,1
DA:8,1
DA:15,1
DA:16,1
DA:17,1
DA:27,6
DA:28,6
DA:44,7
DA:47,7
DA:48,7
DA:52,6
DA:68,6
DA:69,6
DA:71,6
DA:72,260
DA:75,6
DA:76,260
DA:77,156
DA:80,104
DA:81,104
DA:82,104
DA:83,104
DA:89,104
DA:105,5
DA:106,5
LF:26
LH:26
BRDA:44,0,0,7
BRDA:44,0,1,0
BRDA:47,1,0,0
BRDA:47,1,1,7
BRDA:72,2,0,2
BRDA:72,2,1,258
BRDA:76,3,0,156
BRDA:76,3,1,104
BRDA:106,4,0,5
BRDA:106,4,1,0
BRF:10
BRH:7
end_of_record
